<?xml version="1.0" encoding="UTF-8"?>
<!-- Generated by org.testng.reporters.JUnitXMLReporter -->
<testsuite ignored="0" hostname="DESKTOP-KB78P7G" failures="1" tests="1" name="LoginFailTest2" time="11.247" errors="0" timestamp="2023-10-20T18:49:07 IST">
  <testcase classname="Prasanna.NaveenAutomationLabs.LoginFailTest" name="loginfail" time="5.283">
    <failure type="java.lang.AssertionError" message="expected [Warning: No match for E-Mail Address andor Password.] but found [Warning: No match for E-Mail Address and/or Password.]">
      <![CDATA[java.lang.AssertionError: expected [Warning: No match for E-Mail Address andor Password.] but found [Warning: No match for E-Mail Address and/or Password.]
at Prasanna.NaveenAutomationLabs.LoginFailTest.loginfail(LoginFailTest.java:19)
at java.base/java.util.ArrayList.forEach(ArrayList.java:1511)
... Removed 31 stack frames]]>
    </failure>
  </testcase> <!-- loginfail -->
</testsuite> <!-- LoginFailTest2 -->
