<?xml version="1.0" encoding="UTF-8"?>
<!-- Generated by org.testng.reporters.JUnitXMLReporter -->
<testsuite ignored="0" hostname="DESKTOP-KB78P7G" failures="1" tests="1" name="Test" time="26.615" errors="0" timestamp="2023-10-20T18:17:41 IST">
  <testcase classname="Prasanna.NaveenAutomationLabs.MainFileTest" name="test1" time="20.688">
    <failure type="java.lang.NullPointerException" message="Cannot invoke &amp;quot;org.openqa.selenium.WebElement.findElement(org.openqa.selenium.By)&amp;quot; because &amp;quot;w&amp;quot; is null">
      <![CDATA[java.lang.NullPointerException: Cannot invoke "org.openqa.selenium.WebElement.findElement(org.openqa.selenium.By)" because "w" is null
at Prasanna.NaveenAutomationLabs.WishListPage.step2(WishListPage.java:71)
at Prasanna.NaveenAutomationLabs.MainFileTest.test1(MainFileTest.java:41)
at java.base/java.util.ArrayList.forEach(ArrayList.java:1511)
... Removed 25 stack frames]]>
    </failure>
  </testcase> <!-- test1 -->
</testsuite> <!-- Test -->
