<?xml version="1.0" encoding="UTF-8"?>
<testng-results ignored="0" total="1" passed="1" failed="0" skipped="0">
  <reporter-output>
  </reporter-output>
  <suite started-at="2023-10-20T10:52:53 IST" name="Suite" finished-at="2023-10-20T10:53:31 IST" duration-ms="37511">
    <groups>
    </groups>
    <test started-at="2023-10-20T10:52:53 IST" name="Test" finished-at="2023-10-20T10:53:31 IST" duration-ms="37511">
      <class name="Prasanna.NaveenAutomationLabs.MainFileTest">
        <test-method is-config="true" signature="startDriver()[pri:0, instance:Prasanna.NaveenAutomationLabs.MainFileTest@1500b2f3]" started-at="2023-10-20T10:52:53 IST" name="startDriver" finished-at="2023-10-20T10:53:03 IST" duration-ms="9621" status="PASS">
          <reporter-output>
          </reporter-output>
        </test-method> <!-- startDriver -->
        <test-method signature="test1()[pri:0, instance:Prasanna.NaveenAutomationLabs.MainFileTest@1500b2f3]" started-at="2023-10-20T10:53:03 IST" name="test1" finished-at="2023-10-20T10:53:31 IST" duration-ms="27841" status="PASS">
          <reporter-output>
          </reporter-output>
        </test-method> <!-- test1 -->
      </class> <!-- Prasanna.NaveenAutomationLabs.MainFileTest -->
    </test> <!-- Test -->
  </suite> <!-- Suite -->
</testng-results>
